Thu May 29 11:51:25 2025: watched_file.txt has changed.
Thu May 29 11:51:25 2025: requirements.txt has changed.
Thu May 29 11:51:40 2025: watched_file.txt has changed.
Thu May 29 11:51:40 2025: requirements.txt has changed.
Thu May 29 14:47:35 2025: watched_file.txt has changed.
os.stat_result(st_mode=33188, st_ino=21541103, st_dev=16777234, st_nlink=1, st_uid=501, st_gid=20, st_size=4, st_atime=1748544702, st_mtime=1748544700, st_ctime=1748544700)
Thu May 29 14:47:35 2025: requirements.txt has changed.
os.stat_result(st_mode=33188, st_ino=21541017, st_dev=16777234, st_nlink=1, st_uid=501, st_gid=20, st_size=9, st_atime=1748544699, st_mtime=1748544697, st_ctime=1748544697)
Thu May 29 14:47:45 2025: requirements.txt has changed.
os.stat_result(st_mode=33188, st_ino=21541017, st_dev=16777234, st_nlink=1, st_uid=501, st_gid=20, st_size=0, st_atime=1748555265, st_mtime=1748555265, st_ctime=1748555265)
Thu May 29 14:47:50 2025: requirements.txt has changed.
os.stat_result(st_mode=33188, st_ino=21541017, st_dev=16777234, st_nlink=1, st_uid=501, st_gid=20, st_size=3, st_atime=1748555269, st_mtime=1748555267, st_ctime=1748555267)
Sun Jun  1 20:33:23 2025: watched_file.txt has changed.
os.stat_result(st_mode=33206, st_ino=844424931630647, st_dev=150931696717891111, st_nlink=1, st_uid=0, st_gid=0, st_size=4, st_atime=1748835203, st_mtime=1748832218, st_ctime=1748832218)
Sun Jun  1 20:33:23 2025: requirements.txt has changed.
os.stat_result(st_mode=33206, st_ino=844424931630646, st_dev=150931696717891111, st_nlink=1, st_uid=0, st_gid=0, st_size=3, st_atime=1748835203, st_mtime=1748832218, st_ctime=1748832218)
Sun Jun  1 20:33:38 2025: requirements.txt has changed.
os.stat_result(st_mode=33206, st_ino=844424931630646, st_dev=150931696717891111, st_nlink=1, st_uid=0, st_gid=0, st_size=11, st_atime=1748835218, st_mtime=1748835213, st_ctime=1748832218)
Sun Jun  1 20:33:43 2025: requirements.txt has changed.
os.stat_result(st_mode=33206, st_ino=844424931630646, st_dev=150931696717891111, st_nlink=1, st_uid=0, st_gid=0, st_size=14, st_atime=1748835223, st_mtime=1748835220, st_ctime=1748832218)
Sun Jun  1 20:33:48 2025: watched_file.txt has changed.
os.stat_result(st_mode=33206, st_ino=844424931630647, st_dev=150931696717891111, st_nlink=1, st_uid=0, st_gid=0, st_size=28, st_atime=1748835228, st_mtime=1748835226, st_ctime=1748832218)
